<?xml version="1.0" encoding="UTF-8"?>
<!-- Generated by org.testng.reporters.JUnitReportReporter -->
<testsuite hostname="136-FREKIH" name="example.NewTest" tests="1" failures="0" timestamp="2 Dec 2019 14:08:19 GMT" time="2.554" errors="0">
  <testcase name="testEasy" time="2.554" classname="example.NewTest"/>
</testsuite> <!-- example.NewTest -->
